This is pdfTeX, Version 3.14159265-2.6-1.40.21 (TeX Live 2020) (preloaded format=pdflatex 2020.9.21)  27 SEP 2020 13:31
entering extended mode
 restricted \write18 enabled.
 file:line:error style messages enabled.
 %&-line parsing enabled.
**"Problem Set 2 Solutions Template.tex"
(./Problem Set 2 Solutions Template.tex
LaTeX2e <2020-02-02> patch level 5
L3 programming layer <2020-03-06>
(/usr/local/texlive/2020/texmf-dist/tex/latex/base/article.cls
Document Class: article 2019/12/20 v1.4l Standard LaTeX document class
(/usr/local/texlive/2020/texmf-dist/tex/latex/base/size10.clo
File: size10.clo 2019/12/20 v1.4l Standard LaTeX file (size option)
)
\c@part=\count167
\c@section=\count168
\c@subsection=\count169
\c@subsubsection=\count170
\c@paragraph=\count171
\c@subparagraph=\count172
\c@figure=\count173
\c@table=\count174
\abovecaptionskip=\skip47
\belowcaptionskip=\skip48
\bibindent=\dimen134
)
(/usr/local/texlive/2020/texmf-dist/tex/latex/base/inputenc.sty
Package: inputenc 2018/08/11 v1.3c Input encoding file
\inpenc@prehook=\toks15
\inpenc@posthook=\toks16
)
(/usr/local/texlive/2020/texmf-dist/tex/latex/enumitem/enumitem.sty
Package: enumitem 2019/06/20 v3.9 Customized lists
\enitkv@toks@=\toks17
\labelindent=\skip49
\enit@outerparindent=\dimen135
\enit@toks=\toks18
\enit@inbox=\box45
\enit@count@id=\count175
\enitdp@description=\count176
)
(/usr/local/texlive/2020/texmf-dist/tex/latex/natbib/natbib.sty
Package: natbib 2010/09/13 8.31b (PWD, AO)
\bibhang=\skip50
\bibsep=\skip51
LaTeX Info: Redefining \cite on input line 694.
\c@NAT@ctr=\count177
)
(/usr/local/texlive/2020/texmf-dist/tex/latex/graphics/graphicx.sty
Package: graphicx 2019/11/30 v1.2a Enhanced LaTeX Graphics (DPC,SPQR)

(/usr/local/texlive/2020/texmf-dist/tex/latex/graphics/keyval.sty
Package: keyval 2014/10/28 v1.15 key=value parser (DPC)
\KV@toks@=\toks19
)
(/usr/local/texlive/2020/texmf-dist/tex/latex/graphics/graphics.sty
Package: graphics 2019/11/30 v1.4a Standard LaTeX Graphics (DPC,SPQR)

(/usr/local/texlive/2020/texmf-dist/tex/latex/graphics/trig.sty
Package: trig 2016/01/03 v1.10 sin cos tan (DPC)
)
(/usr/local/texlive/2020/texmf-dist/tex/latex/graphics-cfg/graphics.cfg
File: graphics.cfg 2016/06/04 v1.11 sample graphics configuration
)
Package graphics Info: Driver file: pdftex.def on input line 105.

(/usr/local/texlive/2020/texmf-dist/tex/latex/graphics-def/pdftex.def
File: pdftex.def 2018/01/08 v1.0l Graphics/color driver for pdftex
))
\Gin@req@height=\dimen136
\Gin@req@width=\dimen137
)
(/usr/local/texlive/2020/texmf-dist/tex/latex/float/float.sty
Package: float 2001/11/08 v1.3d Float enhancements (AL)
\c@float@type=\count178
\float@exts=\toks20
\float@box=\box46
\@float@everytoks=\toks21
\@floatcapt=\box47
)
(/usr/local/texlive/2020/texmf-dist/tex/latex/l3backend/l3backend-pdfmode.def
File: l3backend-pdfmode.def 2020-03-12 L3 backend support: PDF mode
\l__kernel_color_stack_int=\count179
\l__pdf_internal_box=\box48
)
(./Problem Set 2 Solutions Template.aux

LaTeX Warning: Label `fig:original fico_hist' multiply defined.


LaTeX Warning: Label `fig:original fico_hist' multiply defined.


LaTeX Warning: Label `fig:original fico_hist' multiply defined.


LaTeX Warning: Label `fig:original fico_hist' multiply defined.


LaTeX Warning: Label `fig:original fico_hist' multiply defined.


LaTeX Warning: Label `fig:original fico_hist' multiply defined.

)
\openout1 = `"Problem Set 2 Solutions Template.aux"'.

LaTeX Font Info:    Checking defaults for OML/cmm/m/it on input line 13.
LaTeX Font Info:    ... okay on input line 13.
LaTeX Font Info:    Checking defaults for OMS/cmsy/m/n on input line 13.
LaTeX Font Info:    ... okay on input line 13.
LaTeX Font Info:    Checking defaults for OT1/cmr/m/n on input line 13.
LaTeX Font Info:    ... okay on input line 13.
LaTeX Font Info:    Checking defaults for T1/cmr/m/n on input line 13.
LaTeX Font Info:    ... okay on input line 13.
LaTeX Font Info:    Checking defaults for TS1/cmr/m/n on input line 13.
LaTeX Font Info:    ... okay on input line 13.
LaTeX Font Info:    Checking defaults for OMX/cmex/m/n on input line 13.
LaTeX Font Info:    ... okay on input line 13.
LaTeX Font Info:    Checking defaults for U/cmr/m/n on input line 13.
LaTeX Font Info:    ... okay on input line 13.
 (/usr/local/texlive/2020/texmf-dist/tex/context/base/mkii/supp-pdf.mkii
[Loading MPS to PDF converter (version 2006.09.02).]
\scratchcounter=\count180
\scratchdimen=\dimen138
\scratchbox=\box49
\nofMPsegments=\count181
\nofMParguments=\count182
\everyMPshowfont=\toks22
\MPscratchCnt=\count183
\MPscratchDim=\dimen139
\MPnumerator=\count184
\makeMPintoPDFobject=\count185
\everyMPtoPDFconversion=\toks23
) (/usr/local/texlive/2020/texmf-dist/tex/latex/epstopdf-pkg/epstopdf-base.sty
Package: epstopdf-base 2020-01-24 v2.11 Base part for package epstopdf
Package epstopdf-base Info: Redefining graphics rule for `.eps' on input line 4
85.

(/usr/local/texlive/2020/texmf-dist/tex/latex/latexconfig/epstopdf-sys.cfg
File: epstopdf-sys.cfg 2010/07/13 v1.3 Configuration of (r)epstopdf for TeX Liv
e
))
LaTeX Font Info:    External font `cmex10' loaded for size
(Font)              <12> on input line 15.
LaTeX Font Info:    External font `cmex10' loaded for size
(Font)              <8> on input line 15.
LaTeX Font Info:    External font `cmex10' loaded for size
(Font)              <6> on input line 15.
LaTeX Font Info:    External font `cmex10' loaded for size
(Font)              <7> on input line 34.
LaTeX Font Info:    External font `cmex10' loaded for size
(Font)              <5> on input line 34.

Overfull \hbox (80.7788pt too wide) in paragraph at lines 45--54
 [][] 
 []


Overfull \hbox (61.72293pt too wide) in paragraph at lines 65--72
 [][] 
 []

[1

{/usr/local/texlive/2020/texmf-var/fonts/map/pdftex/updmap/pdftex.map}]
Overfull \hbox (115.75099pt too wide) in paragraph at lines 85--91
 [][] 
 []

[2]
Overfull \hbox (73.7466pt too wide) in paragraph at lines 133--133
 []\OT1/cmtt/m/n/10 df = pd.read_csv("/Users/liloli/Desktop/GR5293/hw2/LendingC
lub_2016Q1.csv")[] 
 []


Overfull \hbox (57.99673pt too wide) in paragraph at lines 133--133
 []\OT1/cmtt/m/n/10 table['total_interest_due'] = table['installment']*36-table
['loan_amnt'][] 
 []


Overfull \hbox (78.99655pt too wide) in paragraph at lines 133--133
 []\OT1/cmtt/m/n/10 table = table[['loan_amnt', 'int_rate', 'installment','grad
e',  'sub_grade',[] 
 []

<hw2Problem2_a.png, id=24, 358.33875pt x 207.77625pt>
File: hw2Problem2_a.png Graphic file (type png)
<use hw2Problem2_a.png>
Package pdftex.def Info: hw2Problem2_a.png  used on input line 141.
(pdftex.def)             Requested size: 179.16893pt x 103.88786pt.

Overfull \hbox (152.49591pt too wide) in paragraph at lines 163--163
 []\OT1/cmtt/m/n/10 # You might be interested in loans with relatively low inst
allments and low interest rates[] 
 []


Overfull \hbox (220.74532pt too wide) in paragraph at lines 163--163
 []\OT1/cmtt/m/n/10 # You could look at a distribution of interest rates and th
en look for loans with certain target rates.[] 
 []


Overfull \hbox (63.24669pt too wide) in paragraph at lines 163--163
 []\OT1/cmtt/m/n/10 # After filtering out loans outside of the desired range, y
ou can examine[] 
 []

[3 <./hw2Problem2_a.png>]
<seaborn.png, id=30, 404.51125pt x 264.99pt>
File: seaborn.png Graphic file (type png)
<use seaborn.png>
Package pdftex.def Info: seaborn.png  used on input line 166.
(pdftex.def)             Requested size: 202.25513pt x 132.49467pt.
<gradeA.png, id=31, 1017.8025pt x 169.63374pt>
File: gradeA.png Graphic file (type png)
<use gradeA.png>
Package pdftex.def Info: gradeA.png  used on input line 179.
(pdftex.def)             Requested size: 508.90001pt x 84.81665pt.

Overfull \hbox (163.90001pt too wide) in paragraph at lines 179--180
 [][] 
 []

<despA.png, id=32, 1011.78pt x 258.9675pt>
File: despA.png Graphic file (type png)
<use despA.png>
Package pdftex.def Info: despA.png  used on input line 192.
(pdftex.def)             Requested size: 505.88876pt x 129.48341pt.

Overfull \hbox (160.88876pt too wide) in paragraph at lines 192--193
 [][] 
 []


LaTeX Warning: `!h' float specifier changed to `!ht'.

<install.png, id=33, 422.57875pt x 266.9975pt>
File: install.png Graphic file (type png)
<use install.png>
Package pdftex.def Info: install.png  used on input line 206.
(pdftex.def)             Requested size: 211.28885pt x 133.49841pt.

LaTeX Warning: `!h' float specifier changed to `!ht'.

[4 <./seaborn.png> <./gradeA.png>]
<OverviewofLendingClubGrades.png, id=39, 409.53pt x 235.88126pt>
File: OverviewofLendingClubGrades.png Graphic file (type png)
<use OverviewofLendingClubGrades.png>
Package pdftex.def Info: OverviewofLendingClubGrades.png  used on input line 21
9.
(pdftex.def)             Requested size: 204.7645pt x 117.94034pt.
 [5 <./despA.png> <./install.png> <./OverviewofLendingClubGrades.png>]
<STATs.png, id=47, 904.37875pt x 295.1025pt>
File: STATs.png Graphic file (type png)
<use STATs.png>
Package pdftex.def Info: STATs.png  used on input line 231.
(pdftex.def)             Requested size: 452.18828pt x 147.55087pt.

Overfull \hbox (107.18828pt too wide) in paragraph at lines 231--232
 [][] 
 []


Underfull \hbox (badness 10000) in paragraph at lines 253--266

 []


Overfull \hbox (34.34163pt too wide) in paragraph at lines 253--266
[] \OT1/cmr/m/n/10 + [] \OMS/cmsy/m/n/10 ^^B \OT1/cmr/m/n/10 [[][] [] \OMS/cmsy
/m/n/10 ^^@ [][] []\OT1/cmr/m/n/10 ]$ 
 []


Underfull \hbox (badness 10000) in paragraph at lines 253--266

 []


Underfull \hbox (badness 10000) in paragraph at lines 253--266

 []


Underfull \hbox (badness 10000) in paragraph at lines 253--266

 []


Underfull \hbox (badness 10000) in paragraph at lines 253--266

 []


Underfull \hbox (badness 10000) in paragraph at lines 267--269

 []

[6 <./STATs.png>]
<result.png, id=52, 151.56625pt x 289.08pt>
File: result.png Graphic file (type png)
<use result.png>
Package pdftex.def Info: result.png  used on input line 275.
(pdftex.def)             Requested size: 75.78293pt x 144.53964pt.
 [7 <./result.png>] (./Problem Set 2 Solutions Template.aux)

LaTeX Warning: There were multiply-defined labels.

 ) 
Here is how much of TeX's memory you used:
 1956 strings out of 480608
 28873 string characters out of 5903630
 272362 words of memory out of 5000000
 17866 multiletter control sequences out of 15000+600000
 537833 words of font info for 42 fonts, out of 8000000 for 9000
 1141 hyphenation exceptions out of 8191
 30i,7n,25p,291b,466s stack positions out of 5000i,500n,10000p,200000b,80000s
{/usr/local/texlive/2020/texmf-dist/fonts/enc/dvips/cm-super/cm-super-ts1.enc
}</usr/local/texlive/2020/texmf-dist/fonts/type1/public/amsfonts/cm/cmbx10.pfb>
</usr/local/texlive/2020/texmf-dist/fonts/type1/public/amsfonts/cm/cmbx12.pfb><
/usr/local/texlive/2020/texmf-dist/fonts/type1/public/amsfonts/cm/cmex10.pfb></
usr/local/texlive/2020/texmf-dist/fonts/type1/public/amsfonts/cm/cmmi10.pfb></u
sr/local/texlive/2020/texmf-dist/fonts/type1/public/amsfonts/cm/cmmi5.pfb></usr
/local/texlive/2020/texmf-dist/fonts/type1/public/amsfonts/cm/cmmi7.pfb></usr/l
ocal/texlive/2020/texmf-dist/fonts/type1/public/amsfonts/cm/cmr10.pfb></usr/loc
al/texlive/2020/texmf-dist/fonts/type1/public/amsfonts/cm/cmr12.pfb></usr/local
/texlive/2020/texmf-dist/fonts/type1/public/amsfonts/cm/cmr17.pfb></usr/local/t
exlive/2020/texmf-dist/fonts/type1/public/amsfonts/cm/cmr5.pfb></usr/local/texl
ive/2020/texmf-dist/fonts/type1/public/amsfonts/cm/cmr7.pfb></usr/local/texlive
/2020/texmf-dist/fonts/type1/public/amsfonts/cm/cmsy10.pfb></usr/local/texlive/
2020/texmf-dist/fonts/type1/public/amsfonts/cm/cmsy7.pfb></usr/local/texlive/20
20/texmf-dist/fonts/type1/public/amsfonts/cm/cmti10.pfb></usr/local/texlive/202
0/texmf-dist/fonts/type1/public/amsfonts/cm/cmtt10.pfb></usr/local/texlive/2020
/texmf-dist/fonts/type1/public/cm-super/sfrm1000.pfb>
Output written on "Problem Set 2 Solutions Template.pdf" (7 pages, 617469 bytes
).
PDF statistics:
 110 PDF objects out of 1000 (max. 8388607)
 68 compressed objects within 1 object stream
 0 named destinations out of 1000 (max. 500000)
 41 words of extra memory for PDF output out of 10000 (max. 10000000)

